info:    Executing command account show
silly:   [
silly:       {
silly:           id: 'aa4258da-1f5a-4595-8ffd-6588461d65b8',
silly:           values: {},
silly:           name: 'Free Trial',
silly:           state: 'Enabled',
silly:           user: {
silly:               name: 'CA_KellehP@vanquisbank.co.uk',
silly:               type: 'user',
silly:               cloudShellID: true
silly:           },
silly:           isDefault: true,
silly:           tenantId: 'def64197-6c74-4d7d-9916-85a01b2fd9b6',
silly:           environment: {
silly:               name: 'AzureCloud',
silly:               portalUrl: 'http://go.microsoft.com/fwlink/?LinkId=254433',
silly:               publishingProfileUrl: 'http://go.microsoft.com/fwlink/?LinkId=254432',
silly:               managementEndpointUrl: 'https://management.core.windows.net',
silly:               resourceManagerEndpointUrl: 'https://management.azure.com/',
silly:               sqlManagementEndpointUrl: 'https://management.core.windows.net:8443/',
silly:               sqlServerHostnameSuffix: '.database.windows.net',
silly:               activeDirectoryEndpointUrl: 'https://login.microsoftonline.com',
silly:               activeDirectoryResourceId: 'https://management.core.windows.net/',
silly:               galleryEndpointUrl: 'https://gallery.azure.com/',
silly:               activeDirectoryGraphResourceId: 'https://graph.windows.net/',
silly:               activeDirectoryGraphApiVersion: '2013-04-05',
silly:               storageEndpointSuffix: '.core.windows.net',
silly:               keyVaultDnsSuffix: '.vault.azure.net',
silly:               azureDataLakeStoreFileSystemEndpointSuffix: 'azuredatalakestore.net',
silly:               azureDataLakeAnalyticsCatalogAndJobEndpointSuffix: 'azuredatalakeanalytics.net',
silly:               isPublicEnvironment: true,
silly:               values: {
silly:                   name: 'AzureCloud',
silly:                   portalUrl: 'http://go.microsoft.com/fwlink/?LinkId=254433',
silly:                   publishingProfileUrl: 'http://go.microsoft.com/fwlink/?LinkId=254432',
silly:                   managementEndpointUrl: 'https://management.core.windows.net',
silly:                   resourceManagerEndpointUrl: 'https://management.azure.com/',
silly:                   sqlManagementEndpointUrl: 'https://management.core.windows.net:8443/',
silly:                   sqlServerHostnameSuffix: '.database.windows.net',
silly:                   galleryEndpointUrl: 'https://gallery.azure.com/',
silly:                   activeDirectoryEndpointUrl: 'https://login.microsoftonline.com',
silly:                   activeDirectoryResourceId: 'https://management.core.windows.net/',
silly:                   activeDirectoryGraphResourceId: 'https://graph.windows.net/',
silly:                   activeDirectoryGraphApiVersion: '2013-04-05',
silly:                   storageEndpointSuffix: '.core.windows.net',
silly:                   keyVaultDnsSuffix: '.vault.azure.net',
silly:                   azureDataLakeStoreFileSystemEndpointSuffix: 'azuredatalakestore.net',
silly:                   azureDataLakeAnalyticsCatalogAndJobEndpointSuffix: 'azuredatalakeanalytics.net'
silly:               }
silly:           },
silly:           registeredProviders: [],
silly:           _events: { updated: [Function] },
silly:           _eventsCount: 1
silly:       }
silly:   ]
data:    Name                        : Free Trial
data:    ID                          : aa4258da-1f5a-4595-8ffd-6588461d65b8
data:    State                       : Enabled
data:    Tenant ID                   : def64197-6c74-4d7d-9916-85a01b2fd9b6
data:    Is Default                  : true
data:    Environment                 : AzureCloud
data:    Has Certificate             : No
data:    Has Access Token            : Yes
data:    User name                   : CA_KellehP@vanquisbank.co.uk
data:    
info:    account show command OK
